0 info it worked if it ends with ok
1 verbose cli [ 'C:\\Program Files (x86)\\Microsoft Visual Studio 14.0\\Web\\External\\node.exe',
1 verbose cli   'C:\\Program Files (x86)\\Microsoft Visual Studio 14.0\\Web\\External\\node_modules\\npm\\bin\\npm-cli.js',
1 verbose cli   'restart',
1 verbose cli   '--color=always' ]
2 info using npm@3.3.4
3 info using node@v5.4.1
4 verbose run-script [ 'prerestart',
4 verbose run-script   'prestop',
4 verbose run-script   'stop',
4 verbose run-script   'poststop',
4 verbose run-script   'restart',
4 verbose run-script   'prestart',
4 verbose run-script   'start',
4 verbose run-script   'poststart',
4 verbose run-script   'postrestart' ]
5 info lifecycle skltfz@0.0.0~prerestart: skltfz@0.0.0
6 silly lifecycle skltfz@0.0.0~prerestart: no script for prerestart, continuing
7 info lifecycle skltfz@0.0.0~prestop: skltfz@0.0.0
8 silly lifecycle skltfz@0.0.0~prestop: no script for prestop, continuing
9 info lifecycle skltfz@0.0.0~stop: skltfz@0.0.0
10 silly lifecycle skltfz@0.0.0~stop: no script for stop, continuing
11 info lifecycle skltfz@0.0.0~poststop: skltfz@0.0.0
12 silly lifecycle skltfz@0.0.0~poststop: no script for poststop, continuing
13 info lifecycle skltfz@0.0.0~restart: skltfz@0.0.0
14 silly lifecycle skltfz@0.0.0~restart: no script for restart, continuing
15 info lifecycle skltfz@0.0.0~prestart: skltfz@0.0.0
16 silly lifecycle skltfz@0.0.0~prestart: no script for prestart, continuing
17 info lifecycle skltfz@0.0.0~start: skltfz@0.0.0
18 verbose lifecycle skltfz@0.0.0~start: unsafe-perm in lifecycle true
19 verbose lifecycle skltfz@0.0.0~start: PATH: C:\Program Files (x86)\Microsoft Visual Studio 14.0\Web\External\node_modules\npm\bin\node-gyp-bin;C:\Users\sam.mak\Documents\RealProject\SKLTFZ\node_modules\.bin;.\node_modules\.bin;C:\Program Files (x86)\Microsoft Visual Studio 14.0\Web\External;C:\Program Files (x86)\Microsoft Visual Studio 14.0\Common7\IDE\CommonExtensions\Microsoft\TeamFoundation\Team Explorer\NativeBinaries\x86;C:\ProgramData\Oracle\Java\javapath;C:\Windows\system32;C:\Windows;C:\Windows\System32\Wbem;C:\Windows\System32\WindowsPowerShell\v1.0\;C:\Program Files\Microsoft SQL Server\130\Tools\Binn\;C:\Program Files\Microsoft SQL Server\120\DTS\Binn\;C:\Program Files\Microsoft SQL Server\Client SDK\ODBC\110\Tools\Binn\;C:\Program Files (x86)\Microsoft SQL Server\120\Tools\Binn\;C:\Program Files\Microsoft SQL Server\120\Tools\Binn\;C:\Program Files (x86)\Microsoft SQL Server\120\Tools\Binn\ManagementStudio\;C:\Program Files (x86)\Microsoft SQL Server\120\DTS\Binn\;C:\Program Files (x86)\Skype\Phone\;C:\Program Files\Git\cmd;C:\Program Files\dotnet\;C:\Program Files\nodejs\;;C:\Program Files (x86)\Microsoft VS Code\bin;C:\Users\sam.mak\AppData\Roaming\npm;.bin;C:\Program Files (x86)\Microsoft Visual Studio 14.0\Web\External\git
20 verbose lifecycle skltfz@0.0.0~start: CWD: C:\Users\sam.mak\Documents\RealProject\SKLTFZ
21 silly lifecycle skltfz@0.0.0~start: Args: [ '/d /s /c', 'webpack --watch' ]
22 silly lifecycle skltfz@0.0.0~start: Returned: code: 1  signal: null
23 info lifecycle skltfz@0.0.0~start: Failed to exec start script
24 verbose stack Error: skltfz@0.0.0 start: `webpack --watch`
24 verbose stack Exit status 1
24 verbose stack     at EventEmitter.<anonymous> (C:\Program Files (x86)\Microsoft Visual Studio 14.0\Web\External\node_modules\npm\lib\utils\lifecycle.js:233:16)
24 verbose stack     at emitTwo (events.js:87:13)
24 verbose stack     at EventEmitter.emit (events.js:172:7)
24 verbose stack     at ChildProcess.<anonymous> (C:\Program Files (x86)\Microsoft Visual Studio 14.0\Web\External\node_modules\npm\lib\utils\spawn.js:24:14)
24 verbose stack     at emitTwo (events.js:87:13)
24 verbose stack     at ChildProcess.emit (events.js:172:7)
24 verbose stack     at maybeClose (internal/child_process.js:821:16)
24 verbose stack     at Process.ChildProcess._handle.onexit (internal/child_process.js:211:5)
25 verbose pkgid skltfz@0.0.0
26 verbose cwd C:\Users\sam.mak\Documents\RealProject\SKLTFZ
27 error Windows_NT 6.1.7601
28 error argv "C:\\Program Files (x86)\\Microsoft Visual Studio 14.0\\Web\\External\\node.exe" "C:\\Program Files (x86)\\Microsoft Visual Studio 14.0\\Web\\External\\node_modules\\npm\\bin\\npm-cli.js" "restart" "--color=always"
29 error node v5.4.1
30 error npm  v3.3.4
31 error code ELIFECYCLE
32 error skltfz@0.0.0 start: `webpack --watch`
32 error Exit status 1
33 error Failed at the skltfz@0.0.0 start script 'webpack --watch'.
33 error This is most likely a problem with the skltfz package,
33 error not with npm itself.
33 error Tell the author that this fails on your system:
33 error     webpack --watch
33 error You can get their info via:
33 error     npm owner ls skltfz
33 error There is likely additional logging output above.
34 verbose exit [ 1, true ]
